<?xml version="1.0" encoding="UTF-8"?>
<!-- Generated by org.testng.reporters.JUnitXMLReporter -->
<testsuite ignored="0" hostname="ACER" failures="0" tests="4" name="Default test" time="0.057" errors="0" timestamp="2023-04-04T21:02:15 IST">
  <testcase classname="TestNGPack6.TestNGHome" name="@BeforeTest OpenBrowser" time="-1.680622335477E9">
    <failure type="org.testng.TestNGException" message="
Parameter &amp;apos;browser&amp;apos; is required by BeforeTest on method OpenBrowser but has not been marked @Optional or defined
in C:\Users\sanja\AppData\Local\Temp\testng-eclipse-1509525638\testng-customsuite.xml">
      <![CDATA[org.testng.TestNGException: 
Parameter 'browser' is required by BeforeTest on method OpenBrowser but has not been marked @Optional or defined
in C:\Users\sanja\AppData\Local\Temp\testng-eclipse-1509525638\testng-customsuite.xml
at org.testng.internal.Parameters.createParams(Parameters.java:270)
at org.testng.internal.Parameters.createParametersForMethod(Parameters.java:358)
at org.testng.internal.Parameters.createParameters(Parameters.java:700)
at org.testng.internal.Parameters.createConfigurationParameters(Parameters.java:168)
at org.testng.internal.ConfigInvoker.invokeConfigurations(ConfigInvoker.java:302)
at org.testng.TestRunner.invokeTestConfigurations(TestRunner.java:637)
at org.testng.TestRunner.beforeRun(TestRunner.java:627)
at org.testng.TestRunner.run(TestRunner.java:589)
at org.testng.SuiteRunner.runTest(SuiteRunner.java:377)
at org.testng.SuiteRunner.runSequentially(SuiteRunner.java:371)
at org.testng.SuiteRunner.privateRun(SuiteRunner.java:332)
at org.testng.SuiteRunner.run(SuiteRunner.java:276)
at org.testng.SuiteRunnerWorker.runSuite(SuiteRunnerWorker.java:53)
at org.testng.SuiteRunnerWorker.run(SuiteRunnerWorker.java:96)
at org.testng.TestNG.runSuitesSequentially(TestNG.java:1212)
at org.testng.TestNG.runSuitesLocally(TestNG.java:1134)
at org.testng.TestNG.runSuites(TestNG.java:1063)
at org.testng.TestNG.run(TestNG.java:1031)
at org.testng.remote.AbstractRemoteTestNG.run(AbstractRemoteTestNG.java:115)
at org.testng.remote.RemoteTestNG.initAndRun(RemoteTestNG.java:251)
at org.testng.remote.RemoteTestNG.main(RemoteTestNG.java:77)
]]>
    </failure>
  </testcase> <!-- @BeforeTest OpenBrowser -->
  <testcase classname="TestNGPack6.TestNGHome" name="@BeforeClass createPOMObject" time="-1.680622335496E9">
    <skipped/>
  </testcase> <!-- @BeforeClass createPOMObject -->
  <testcase classname="TestNGPack6.TestNGHome" name="@BeforeMethod beforeMethod" time="-1.68062233551E9">
    <skipped/>
  </testcase> <!-- @BeforeMethod beforeMethod -->
  <testcase classname="TestNGPack6.TestNGHome" name="@AfterMethod afterMethod" time="-1.680622335514E9">
    <skipped/>
  </testcase> <!-- @AfterMethod afterMethod -->
  <testcase classname="TestNGPack6.TestNGHome" name="@BeforeMethod beforeMethod" time="-1.680622335517E9">
    <skipped/>
  </testcase> <!-- @BeforeMethod beforeMethod -->
  <testcase classname="TestNGPack6.TestNGHome" name="@AfterMethod afterMethod" time="-1.68062233552E9">
    <skipped/>
  </testcase> <!-- @AfterMethod afterMethod -->
  <testcase classname="TestNGPack6.TestNGHome" name="@BeforeMethod beforeMethod" time="-1.680622335521E9">
    <skipped/>
  </testcase> <!-- @BeforeMethod beforeMethod -->
  <testcase classname="TestNGPack6.TestNGHome" name="@AfterMethod afterMethod" time="-1.680622335524E9">
    <skipped/>
  </testcase> <!-- @AfterMethod afterMethod -->
  <testcase classname="TestNGPack6.TestNGHome" name="@BeforeMethod beforeMethod" time="-1.680622335525E9">
    <skipped/>
  </testcase> <!-- @BeforeMethod beforeMethod -->
  <testcase classname="TestNGPack6.TestNGHome" name="@AfterMethod afterMethod" time="-1.680622335527E9">
    <skipped/>
  </testcase> <!-- @AfterMethod afterMethod -->
  <testcase classname="TestNGPack6.TestNGHome" name="@AfterClass clearObject" time="-1.680622335529E9">
    <skipped/>
  </testcase> <!-- @AfterClass clearObject -->
  <testcase classname="TestNGPack6.TestNGHome" name="@AfterTest afterTest" time="-1.68062233553E9">
    <skipped/>
  </testcase> <!-- @AfterTest afterTest -->
  <testcase classname="TestNGPack6.TestNGHome" name="VerifyHomePageTEXT" time="0.0">
    <skipped/>
  </testcase> <!-- VerifyHomePageTEXT -->
  <testcase classname="TestNGPack6.TestNGHome" name="VerifytheTextOfSpiritsPage" time="0.0">
    <skipped/>
  </testcase> <!-- VerifytheTextOfSpiritsPage -->
  <testcase classname="TestNGPack6.TestNGHome" name="VerifyUserIsAbleClickOnVodkaFlavouredTab" time="0.0">
    <skipped/>
  </testcase> <!-- VerifyUserIsAbleClickOnVodkaFlavouredTab -->
  <testcase classname="TestNGPack6.TestNGHome" name="VerifyUserIsAbleClickOnAddToCarda" time="0.0">
    <skipped/>
  </testcase> <!-- VerifyUserIsAbleClickOnAddToCarda -->
</testsuite> <!-- Default test -->
